<?xml version="1.0" encoding="utf-8"?><testsuite errors="0" failures="0" name="pytest" skips="0" tests="13" time="22.203"><testcase classname="tests.test_maxdays" file="tests/test_maxdays.py" line="10" name="test_passwd_file[ansible://ansible-user-default]" time="5.9902279377"></testcase><testcase classname="tests.test_maxdays" file="tests/test_maxdays.py" line="18" name="test_maxdays_entry[ansible://ansible-user-default-PASS_MAX_DAYS	99999]" time="0.636229991913"><system-out>^PASS\_MAX\_DAYS\	99999$
</system-out></testcase><testcase classname="tests.test_prompt" file="tests/test_prompt.py" line="8" name="test_bash_prompt[ansible://ansible-user-default]" time="2.56448674202"></testcase><testcase classname="tests.test_ssh_conf" file="tests/test_ssh_conf.py" line="10" name="test_pci_user_creation[ansible://ansible-user-default-deployment]" time="1.36611700058"></testcase><testcase classname="tests.test_ssh_conf" file="tests/test_ssh_conf.py" line="18" name="test_sshd_conf[ansible://ansible-user-default-(#)?PubkeyAuthentication yes]" time="0.635486125946"></testcase><testcase classname="tests.test_ssh_conf" file="tests/test_ssh_conf.py" line="18" name="test_sshd_conf[ansible://ansible-user-default-ChallengeResponseAuthentication no]" time="0.664594173431"></testcase><testcase classname="tests.test_ssh_conf" file="tests/test_ssh_conf.py" line="18" name="test_sshd_conf[ansible://ansible-user-default-PasswordAuthentication yes]" time="0.743962049484"></testcase><testcase classname="tests.test_ssh_conf" file="tests/test_ssh_conf.py" line="18" name="test_sshd_conf[ansible://ansible-user-default-UsePAM yes]" time="0.86119890213"></testcase><testcase classname="tests.test_ssh_conf" file="tests/test_ssh_conf.py" line="18" name="test_sshd_conf[ansible://ansible-user-default-(#)?ClientAliveInterval 0]" time="0.639857053757"></testcase><testcase classname="tests.test_ssh_conf" file="tests/test_ssh_conf.py" line="18" name="test_sshd_conf[ansible://ansible-user-default-(#)?ClientAliveCountMax 3]" time="0.682117938995"></testcase><testcase classname="tests.test_default" file="tests/test_default.py" line="8" name="test_hosts_file[ansible://ansible-user-default]" time="1.95992302895"></testcase><testcase classname="tests.test_users" file="tests/test_users.py" line="9" name="test_pci_user_creation[ansible://ansible-user-default-deployment]" time="1.34720087051"></testcase><testcase classname="tests.test_inactive" file="tests/test_inactive.py" line="10" name="test_pci_useradd_file[ansible://ansible-user-default-INACTIVE=-1]" time="3.71513104439"></testcase></testsuite>